* using log directory ‘/home/onyxia/work/asta/asta.Rcheck’
* using R version 4.5.0 (2025-04-11)
* using platform: x86_64-pc-linux-gnu
* R was compiled by
    gcc (Ubuntu 11.4.0-1ubuntu1~22.04) 11.4.0
    GNU Fortran (Ubuntu 11.4.0-1ubuntu1~22.04) 11.4.0
* running under: Ubuntu 22.04.5 LTS
* using session charset: UTF-8
* using options ‘--no-manual --as-cran’
* checking for file ‘asta/DESCRIPTION’ ... OK
* this is package ‘asta’ version ‘1.1’
* package encoding: UTF-8
* checking package namespace information ... OK
* checking package dependencies ... INFO
Imports includes 32 non-default packages.
Importing from so many packages makes the package vulnerable to any of
them becoming unavailable.  Move as many as possible to Suggests and
use conditionally.
* checking if this is a source package ... OK
* checking if there is a namespace ... OK
* checking for executable files ... OK
* checking for hidden files and directories ... OK
* checking for portable file names ... OK
* checking for sufficient/correct file permissions ... OK
* checking whether package ‘asta’ can be installed ... [31s/15s] WARNING
Found the following significant warnings:
  Warning: replacing previous import ‘dplyr::filter’ by ‘stats::filter’ when loading ‘asta’
See ‘/home/onyxia/work/asta/asta.Rcheck/00install.out’ for details.
* checking installed package size ... INFO
  installed size is  9.8Mb
  sub-directories of 1Mb or more:
    app   2.6Mb
    doc   6.4Mb
* checking package directory ... OK
* checking for future file timestamps ... NOTE
unable to verify current time
* checking ‘build’ directory ... OK
* checking DESCRIPTION meta-information ... WARNING
Invalid license file pointers: LICENSE
* checking top-level files ... OK
* checking for left-over files ... OK
* checking index information ... OK
* checking package subdirectories ... OK
* checking code files for non-ASCII characters ... WARNING
Found the following files with non-ASCII characters:
  R/fct_graphggplotly_diagbarre.R
  R/mod_stat1_inf_tests.R
  R/mod_stat1.R
  R/mod_stat2_redress_corrna.R
  R/mod_stat2_redress_impact.R
  R/mod_stat2_sond_2deg.R
  R/mod_stat2_sond_grappes.R
  R/mod_stat2_sond_saf.R
  R/mod_stat2_sond_sas.R
  R/mod_stat3_acp.R
  R/mod_stat3_cah.R
  R/mod_stat3.R
  R/mod_stat4_foot_multiple.R
  R/mod_stat4_foot_simple.R
  R/mod_stat4_lineaire_multiple.R
  R/mod_stat4_lineaire_simple.R
  R/mod_stat4_logistique.R
  R/mod_stat4.R
  R/mod_stat5_desaisonnalisation_mm.R
  R/mod_stat5_desaisonnalisation_regression.R
  R/mod_stat6_classif_donnees.R
  R/mod_stat6_classif_generalisation.R
  R/mod_stat6_classif_modele.R
  R/mod_stat6_classif_preparation.R
  R/mod_stat6_classif_validation.R
  R/mod_stat6_reg_donnees.R
  R/mod_stat6_reg_generalisation.R
  R/mod_stat6_reg_modele.R
  R/mod_stat6_reg_preparation.R
  R/mod_stat6_reg_validation.R
  R/mod_stat6.R
Portable packages must use only ASCII characters in their R code and
NAMESPACE directives, except perhaps in comments.
Use \uxxxx escapes for other characters.
Function ‘tools::showNonASCIIfile’ can help in finding non-ASCII
characters in files.
* checking R files for syntax errors ... OK
* checking whether the package can be loaded ... OK
* checking whether the package can be loaded with stated dependencies ... OK
* checking whether the package can be unloaded cleanly ... OK
* checking whether the namespace can be loaded with stated dependencies ... OK
* checking whether the namespace can be unloaded cleanly ... OK
* checking loading without being on the library search path ... OK
* checking dependencies in R code ... OK
* checking S3 generic/method consistency ... OK
* checking replacement functions ... OK
* checking foreign function calls ... OK
* checking R code for possible problems ... [60s/22s] NOTE
model_lineaireM_resid: no visible global function definition for ‘hist’
Undefined global functions or variables:
  hist
Consider adding
  importFrom("graphics", "hist")
to your NAMESPACE file.
* checking Rd files ... OK
* checking Rd metadata ... OK
* checking Rd line widths ... OK
* checking Rd cross-references ... OK
* checking for missing documentation entries ... OK
* checking for code/documentation mismatches ... OK
* checking Rd \usage sections ... OK
* checking Rd contents ... OK
* checking for unstated dependencies in examples ... OK
* checking contents of ‘data’ directory ... OK
* checking data for non-ASCII characters ... OK
* checking LazyData ... OK
* checking data for ASCII and uncompressed saves ... OK
 WARNING
‘qpdf’ is needed for checks on size reduction of PDFs
* checking installed files from ‘inst/doc’ ... OK
* checking files in ‘vignettes’ ... OK
* checking examples ... [28s/17s] OK
* checking for unstated dependencies in vignettes ... OK
* checking package vignettes ... OK
* checking re-building of vignette outputs ... [101s/43s] OK
* checking for non-standard things in the check directory ... OK
* checking for detritus in the temp directory ... OK
* DONE
Status: 4 WARNINGs, 2 NOTEs
